mode: set
projek/be8/delivery/controller/produk/produk.go:23.91,28.2 1 1
projek/be8/delivery/controller/produk/produk.go:30.59,31.36 1 1
projek/be8/delivery/controller/produk/produk.go:31.36,34.42 2 1
projek/be8/delivery/controller/produk/produk.go:39.3,39.51 1 1
projek/be8/delivery/controller/produk/produk.go:43.3,51.23 4 1
projek/be8/delivery/controller/produk/produk.go:55.3,56.63 2 1
projek/be8/delivery/controller/produk/produk.go:34.42,37.4 2 1
projek/be8/delivery/controller/produk/produk.go:39.51,42.4 2 1
projek/be8/delivery/controller/produk/produk.go:51.23,54.4 2 1
projek/be8/delivery/controller/produk/produk.go:61.59,62.36 1 1
projek/be8/delivery/controller/produk/produk.go:62.36,66.17 2 1
projek/be8/delivery/controller/produk/produk.go:70.3,77.5 2 1
projek/be8/delivery/controller/produk/produk.go:66.17,69.4 2 1
projek/be8/delivery/controller/produk/produk.go:81.58,82.36 1 1
projek/be8/delivery/controller/produk/produk.go:82.36,86.17 3 1
projek/be8/delivery/controller/produk/produk.go:95.3,97.17 2 1
projek/be8/delivery/controller/produk/produk.go:102.3,102.61 1 1
projek/be8/delivery/controller/produk/produk.go:86.17,93.4 2 1
projek/be8/delivery/controller/produk/produk.go:97.17,100.4 2 1
