mode: set
projek/be8/delivery/controller/transaksi/transaksi.go:24.117,30.2 1 1
projek/be8/delivery/controller/transaksi/transaksi.go:32.67,33.36 1 1
projek/be8/delivery/controller/transaksi/transaksi.go:33.36,36.47 2 1
projek/be8/delivery/controller/transaksi/transaksi.go:41.3,41.55 1 1
projek/be8/delivery/controller/transaksi/transaksi.go:50.3,57.17 3 1
projek/be8/delivery/controller/transaksi/transaksi.go:62.3,64.50 2 1
projek/be8/delivery/controller/transaksi/transaksi.go:68.3,68.50 1 1
projek/be8/delivery/controller/transaksi/transaksi.go:71.3,74.17 3 1
projek/be8/delivery/controller/transaksi/transaksi.go:79.3,80.66 2 1
projek/be8/delivery/controller/transaksi/transaksi.go:36.47,39.4 2 1
projek/be8/delivery/controller/transaksi/transaksi.go:41.55,44.4 2 1
projek/be8/delivery/controller/transaksi/transaksi.go:57.17,60.4 2 1
projek/be8/delivery/controller/transaksi/transaksi.go:64.50,66.4 1 0
projek/be8/delivery/controller/transaksi/transaksi.go:68.50,70.4 1 1
projek/be8/delivery/controller/transaksi/transaksi.go:74.17,77.4 2 0
projek/be8/delivery/controller/transaksi/transaksi.go:84.67,85.36 1 1
projek/be8/delivery/controller/transaksi/transaksi.go:85.36,88.17 2 1
projek/be8/delivery/controller/transaksi/transaksi.go:92.3,93.63 2 1
projek/be8/delivery/controller/transaksi/transaksi.go:88.17,91.4 2 1
projek/be8/delivery/controller/transaksi/transaksi.go:97.64,98.36 1 1
projek/be8/delivery/controller/transaksi/transaksi.go:98.36,102.17 3 1
projek/be8/delivery/controller/transaksi/transaksi.go:107.3,108.65 2 1
projek/be8/delivery/controller/transaksi/transaksi.go:102.17,105.4 2 0
projek/be8/delivery/controller/transaksi/transaksi.go:113.67,114.36 1 1
projek/be8/delivery/controller/transaksi/transaksi.go:114.36,118.17 2 1
projek/be8/delivery/controller/transaksi/transaksi.go:122.3,123.63 2 1
projek/be8/delivery/controller/transaksi/transaksi.go:118.17,121.4 2 1
projek/be8/delivery/controller/transaksi/transaksi.go:128.64,129.36 1 1
projek/be8/delivery/controller/transaksi/transaksi.go:129.36,133.17 3 1
projek/be8/delivery/controller/transaksi/transaksi.go:138.3,139.65 2 1
projek/be8/delivery/controller/transaksi/transaksi.go:133.17,136.4 2 0
